#
# There is insufficient memory for the Java Runtime Environment to continue.
# Native memory allocation (mmap) failed to map 8589934592 bytes for committing reserved memory.
# Possible reasons:
#   The system is out of physical RAM or swap space
#   The process is running with CompressedOops enabled, and the Java Heap may be blocking the growth of the native heap
# Possible solutions:
#   Reduce memory load on the system
#   Increase physical memory or swap space
#   Check if swap backing store is full
#   Decrease Java heap size (-Xmx/-Xms)
#   Decrease number of Java threads
#   Decrease Java thread stack sizes (-Xss)
#   Set larger code cache with -XX:ReservedCodeCacheSize=
# This output file may be truncated or incomplete.
#
#  Out of Memory Error (os_linux.cpp:2718), pid=240, tid=242
#
# JRE version:  (11.0.3+12) (build )
# Java VM: OpenJDK 64-Bit Server VM (11.0.3+12-b304.39, mixed mode, aot, sharing, tiered, compressed oops, g1 gc, linux-amd64)
# Core dump will be written. Default location: Core dumps may be processed with "/lib/systemd/systemd-coredump %P %u %g %s %t 9223372036854775808 %e" (or dumping to /home/jeremy/IdeaProjects/SortPerformance/core.240)
#

---------------  S U M M A R Y ------------

Command Line: -Djava.io.tmpdir=/home/jeremy/.var/app/com.jetbrains.IntelliJ-IDEA-Community/cache/tmp/ -Xms8g -Xmx8g -javaagent:/app/idea-IC/lib/idea_rt.jar=39447:/app/idea-IC/bin -Dfile.encoding=UTF-8 SortPerformance

Host: AMD Ryzen 9 3900X 12-Core Processor, 3 cores, 7G, Freedesktop.org 18.08.36 (Flatpak runtime)
Time: Sat Sep  7 01:30:26 2019 CDT elapsed time: 0 seconds (0d 0h 0m 0s)

---------------  T H R E A D  ---------------

Current thread (0x00007f9880012800):  JavaThread "Unknown thread" [_thread_in_vm, id=242, stack(0x00007f9886a64000,0x00007f9886b65000)]

Stack: [0x00007f9886a64000,0x00007f9886b65000],  sp=0x00007f9886b63220,  free space=1020k
Native frames: (J=compiled Java code, A=aot compiled Java code, j=interpreted, Vv=VM code, C=native code)
V  [libjvm.so+0xd96b9a]
V  [libjvm.so+0xd97a33]
V  [libjvm.so+0x698cb8]
V  [libjvm.so+0xb9da59]
V  [libjvm.so+0xb9558d]
V  [libjvm.so+0x7a04b1]
V  [libjvm.so+0x7a0605]
V  [libjvm.so+0x7a07fa]
V  [libjvm.so+0x7a80b6]
V  [libjvm.so+0x8108d8]
V  [libjvm.so+0x811434]
V  [libjvm.so+0x811939]
V  [libjvm.so+0x764100]
V  [libjvm.so+0x7647f5]
V  [libjvm.so+0xd5a311]
V  [libjvm.so+0xd5a5c1]
V  [libjvm.so+0x82721f]
V  [libjvm.so+0xd37c2c]
V  [libjvm.so+0x8cea9c]  JNI_CreateJavaVM+0x5c
C  [libjli.so+0x4814]


---------------  P R O C E S S  ---------------

Threads class SMR info:
_java_thread_list=0x0000000001c52fe0, length=0, elements={
}

Java Threads: ( => current thread )

Other Threads:
  0x00007f9880027800 GCTaskThread "GC Thread#0" [stack: 0x00007f9885d0a000,0x00007f9885e0a000] [id=243]
  0x00007f9880049000 ConcurrentGCThread "G1 Main Marker" [stack: 0x00007f988487f000,0x00007f988497f000] [id=244]
  0x00007f988004b000 ConcurrentGCThread "G1 Conc#0" [stack: 0x00007f988477d000,0x00007f988487d000] [id=245]

[error occurred during error reporting (printing all threads), id 0xb, SIGSEGV (0xb) at pc=0x00007f9887629305]

VM state:not at safepoint (not fully initialized)

VM Mutex/Monitor currently owned by a thread:  ([mutex/lock_event])
[0x00007f988000fab0] Heap_lock - owner thread: 0x00007f9880012800

Heap address: 0x0000000600000000, size: 8192 MB, Compressed Oops mode: Non-zero based: 0x0000000600000000
Narrow klass base: 0x0000000000000000, Narrow klass shift: 0

GC Heap History (0 events):
No events

Deoptimization events (0 events):
No events

Classes redefined (0 events):
No events

Internal exceptions (0 events):
No events

Events (0 events):
No events


Dynamic libraries:
00400000-00401000 r-xp 00000000 08:01 426706                             /app/idea-IC/jbr/bin/java
00601000-00602000 r--p 00001000 08:01 426706                             /app/idea-IC/jbr/bin/java
00602000-00603000 rw-p 00002000 08:01 426706                             /app/idea-IC/jbr/bin/java
01c3b000-01c5c000 rw-p 00000000 00:00 0                                  [heap]
7f9848000000-7f9848021000 rw-p 00000000 00:00 0 
7f9848021000-7f984c000000 ---p 00000000 00:00 0 
7f9850000000-7f9850021000 rw-p 00000000 00:00 0 
7f9850021000-7f9854000000 ---p 00000000 00:00 0 
7f9855000000-7f9857000000 rw-p 00000000 00:00 0 
7f9857000000-7f9868000000 ---p 00000000 00:00 0 
7f9868000000-7f9868021000 rw-p 00000000 00:00 0 
7f9868021000-7f986c000000 ---p 00000000 00:00 0 
7f986c164000-7f986d164000 ---p 00000000 00:00 0 
7f986d164000-7f986d3d4000 rwxp 00000000 00:00 0 
7f986d3d4000-7f986d6f3000 ---p 00000000 00:00 0 
7f986d6f3000-7f986d963000 rwxp 00000000 00:00 0 
7f986d963000-7f9874c2b000 ---p 00000000 00:00 0 
7f9874c2b000-7f9874e9b000 rwxp 00000000 00:00 0 
7f9874e9b000-7f987c164000 ---p 00000000 00:00 0 
7f987c164000-7f9880000000 r--s 00000000 08:01 426837                     /app/idea-IC/jbr/lib/modules
7f9880000000-7f9880061000 rw-p 00000000 00:00 0 
7f9880061000-7f9884000000 ---p 00000000 00:00 0 
7f9884478000-7f988477b000 rw-p 00000000 00:00 0 
7f988477b000-7f988477c000 ---p 00000000 00:00 0 
7f988477c000-7f988487d000 rw-p 00000000 00:00 0 
7f988487d000-7f988487e000 ---p 00000000 00:00 0 
7f988487e000-7f98849c4000 rw-p 00000000 00:00 0 
7f98849c4000-7f98859c4000 ---p 00000000 00:00 0 
7f98859c4000-7f9885d08000 rw-p 00000000 00:00 0 
7f9885d08000-7f9885d09000 ---p 00000000 00:00 0 
7f9885d09000-7f9885e0f000 rw-p 00000000 00:00 0 
7f9885e0f000-7f9885ef5000 ---p 00000000 00:00 0 
7f9885ef5000-7f9885efa000 rw-p 00000000 00:00 0 
7f9885efa000-7f9885fe0000 ---p 00000000 00:00 0 
7f9885fe0000-7f9885fe5000 r-xp 00000000 08:01 426802                     /app/idea-IC/jbr/lib/libjimage.so
7f9885fe5000-7f98861e5000 ---p 00005000 08:01 426802                     /app/idea-IC/jbr/lib/libjimage.so
7f98861e5000-7f98861e6000 r--p 00005000 08:01 426802                     /app/idea-IC/jbr/lib/libjimage.so
7f98861e6000-7f98861e7000 rw-p 00006000 08:01 426802                     /app/idea-IC/jbr/lib/libjimage.so
7f98861e7000-7f98861ee000 r-xp 00000000 08:01 426834                     /app/idea-IC/jbr/lib/libzip.so
7f98861ee000-7f98863ed000 ---p 00007000 08:01 426834                     /app/idea-IC/jbr/lib/libzip.so
7f98863ed000-7f98863ee000 r--p 00006000 08:01 426834                     /app/idea-IC/jbr/lib/libzip.so
7f98863ee000-7f98863ef000 rw-p 00007000 08:01 426834                     /app/idea-IC/jbr/lib/libzip.so
7f98863ef000-7f98863f2000 r--p 00000000 08:01 680812                     /usr/lib/x86_64-linux-gnu/libnss_files-2.28.so
7f98863f2000-7f98863f9000 r-xp 00003000 08:01 680812                     /usr/lib/x86_64-linux-gnu/libnss_files-2.28.so
7f98863f9000-7f98863fb000 r--p 0000a000 08:01 680812                     /usr/lib/x86_64-linux-gnu/libnss_files-2.28.so
7f98863fb000-7f98863fc000 r--p 0000c000 08:01 680812                     /usr/lib/x86_64-linux-gnu/libnss_files-2.28.so
7f98863fc000-7f98863fd000 rw-p 0000d000 08:01 680812                     /usr/lib/x86_64-linux-gnu/libnss_files-2.28.so
7f98863fd000-7f9886403000 rw-p 00000000 00:00 0 
7f9886409000-7f988640e000 rw-p 00000000 00:00 0 
7f988640e000-7f9886415000 ---p 00000000 00:00 0 
7f9886415000-7f988641f000 r-xp 00000000 08:01 426776                     /app/idea-IC/jbr/lib/libinstrument.so
7f988641f000-7f988661e000 ---p 0000a000 08:01 426776                     /app/idea-IC/jbr/lib/libinstrument.so
7f988661e000-7f988661f000 r--p 00009000 08:01 426776                     /app/idea-IC/jbr/lib/libinstrument.so
7f988661f000-7f9886620000 rw-p 0000a000 08:01 426776                     /app/idea-IC/jbr/lib/libinstrument.so
7f9886620000-7f9886649000 r-xp 00000000 08:01 426782                     /app/idea-IC/jbr/lib/libjava.so
7f9886649000-7f9886848000 ---p 00029000 08:01 426782                     /app/idea-IC/jbr/lib/libjava.so
7f9886848000-7f9886849000 r--p 00028000 08:01 426782                     /app/idea-IC/jbr/lib/libjava.so
7f9886849000-7f988684b000 rw-p 00029000 08:01 426782                     /app/idea-IC/jbr/lib/libjava.so
7f988684b000-7f9886858000 r-xp 00000000 08:01 426830                     /app/idea-IC/jbr/lib/libverify.so
7f9886858000-7f9886a57000 ---p 0000d000 08:01 426830                     /app/idea-IC/jbr/lib/libverify.so
7f9886a57000-7f9886a59000 r--p 0000c000 08:01 426830                     /app/idea-IC/jbr/lib/libverify.so
7f9886a59000-7f9886a5a000 rw-p 0000e000 08:01 426830                     /app/idea-IC/jbr/lib/libverify.so
7f9886a5a000-7f9886a5c000 r--p 00000000 08:01 680968                     /usr/lib/x86_64-linux-gnu/librt-2.28.so
7f9886a5c000-7f9886a60000 r-xp 00002000 08:01 680968                     /usr/lib/x86_64-linux-gnu/librt-2.28.so
7f9886a60000-7f9886a62000 r--p 00006000 08:01 680968                     /usr/lib/x86_64-linux-gnu/librt-2.28.so
7f9886a62000-7f9886a63000 r--p 00007000 08:01 680968                     /usr/lib/x86_64-linux-gnu/librt-2.28.so
7f9886a63000-7f9886a64000 rw-p 00008000 08:01 680968                     /usr/lib/x86_64-linux-gnu/librt-2.28.so
7f9886a64000-7f9886a68000 ---p 00000000 00:00 0 
7f9886a68000-7f9886b65000 rw-p 00000000 00:00 0 
7f9886b65000-7f9886b68000 r--p 00000000 08:01 680287                     /usr/lib/x86_64-linux-gnu/libgcc_s.so.1
7f9886b68000-7f9886b7a000 r-xp 00003000 08:01 680287                     /usr/lib/x86_64-linux-gnu/libgcc_s.so.1
7f9886b7a000-7f9886b7d000 r--p 00015000 08:01 680287                     /usr/lib/x86_64-linux-gnu/libgcc_s.so.1
7f9886b7d000-7f9886b7e000 ---p 00018000 08:01 680287                     /usr/lib/x86_64-linux-gnu/libgcc_s.so.1
7f9886b7e000-7f9886b7f000 r--p 00018000 08:01 680287                     /usr/lib/x86_64-linux-gnu/libgcc_s.so.1
7f9886b7f000-7f9886b80000 rw-p 00019000 08:01 680287                     /usr/lib/x86_64-linux-gnu/libgcc_s.so.1
7f9886b80000-7f9886b8d000 r--p 00000000 08:01 680735                     /usr/lib/x86_64-linux-gnu/libm-2.28.so
7f9886b8d000-7f9886c32000 r-xp 0000d000 08:01 680735                     /usr/lib/x86_64-linux-gnu/libm-2.28.so
7f9886c32000-7f9886d09000 r--p 000b2000 08:01 680735                     /usr/lib/x86_64-linux-gnu/libm-2.28.so
7f9886d09000-7f9886d0a000 r--p 00188000 08:01 680735                     /usr/lib/x86_64-linux-gnu/libm-2.28.so
7f9886d0a000-7f9886d0b000 rw-p 00189000 08:01 680735                     /usr/lib/x86_64-linux-gnu/libm-2.28.so
7f9886d0b000-7f9886d9c000 r--p 00000000 08:01 681053                     /usr/lib/x86_64-linux-gnu/libstdc++.so.6.0.25
7f9886d9c000-7f9886e59000 r-xp 00091000 08:01 681053                     /usr/lib/x86_64-linux-gnu/libstdc++.so.6.0.25
7f9886e59000-7f9886e99000 r--p 0014e000 08:01 681053                     /usr/lib/x86_64-linux-gnu/libstdc++.so.6.0.25
7f9886e99000-7f9886e9a000 ---p 0018e000 08:01 681053                     /usr/lib/x86_64-linux-gnu/libstdc++.so.6.0.25
7f9886e9a000-7f9886ea4000 r--p 0018e000 08:01 681053                     /usr/lib/x86_64-linux-gnu/libstdc++.so.6.0.25
7f9886ea4000-7f9886ea6000 rw-p 00198000 08:01 681053                     /usr/lib/x86_64-linux-gnu/libstdc++.so.6.0.25
7f9886ea6000-7f9886eaa000 rw-p 00000000 00:00 0 
7f9886eaa000-7f9887f52000 r-xp 00000000 08:01 427001                     /app/idea-IC/jbr/lib/server/libjvm.so
7f9887f52000-7f9888152000 ---p 010a8000 08:01 427001                     /app/idea-IC/jbr/lib/server/libjvm.so
7f9888152000-7f9888220000 r--p 010a8000 08:01 427001                     /app/idea-IC/jbr/lib/server/libjvm.so
7f9888220000-7f988825a000 rw-p 01176000 08:01 427001                     /app/idea-IC/jbr/lib/server/libjvm.so
7f988825a000-7f98882b5000 rw-p 00000000 00:00 0 
7f98882b5000-7f98882d7000 r--p 00000000 08:01 680051                     /usr/lib/x86_64-linux-gnu/libc-2.28.so
7f98882d7000-7f9888424000 r-xp 00022000 08:01 680051                     /usr/lib/x86_64-linux-gnu/libc-2.28.so
7f9888424000-7f9888470000 r--p 0016f000 08:01 680051                     /usr/lib/x86_64-linux-gnu/libc-2.28.so
7f9888470000-7f9888471000 ---p 001bb000 08:01 680051                     /usr/lib/x86_64-linux-gnu/libc-2.28.so
7f9888471000-7f9888475000 r--p 001bb000 08:01 680051                     /usr/lib/x86_64-linux-gnu/libc-2.28.so
7f9888475000-7f9888477000 rw-p 001bf000 08:01 680051                     /usr/lib/x86_64-linux-gnu/libc-2.28.so
7f9888477000-7f988847b000 rw-p 00000000 00:00 0 
7f988847b000-7f988847c000 r--p 00000000 08:01 680132                     /usr/lib/x86_64-linux-gnu/libdl-2.28.so
7f988847c000-7f988847e000 r-xp 00001000 08:01 680132                     /usr/lib/x86_64-linux-gnu/libdl-2.28.so
7f988847e000-7f988847f000 r--p 00003000 08:01 680132                     /usr/lib/x86_64-linux-gnu/libdl-2.28.so
7f988847f000-7f9888480000 r--p 00003000 08:01 680132                     /usr/lib/x86_64-linux-gnu/libdl-2.28.so
7f9888480000-7f9888481000 rw-p 00004000 08:01 680132                     /usr/lib/x86_64-linux-gnu/libdl-2.28.so
7f9888481000-7f9888490000 r-xp 00000000 08:01 426991                     /app/idea-IC/jbr/lib/jli/libjli.so
7f9888490000-7f988868f000 ---p 0000f000 08:01 426991                     /app/idea-IC/jbr/lib/jli/libjli.so
7f988868f000-7f9888690000 r--p 0000e000 08:01 426991                     /app/idea-IC/jbr/lib/jli/libjli.so
7f9888690000-7f9888691000 rw-p 0000f000 08:01 426991                     /app/idea-IC/jbr/lib/jli/libjli.so
7f9888691000-7f9888697000 r--p 00000000 08:01 680942                     /usr/lib/x86_64-linux-gnu/libpthread-2.28.so
7f9888697000-7f98886a7000 r-xp 00006000 08:01 680942                     /usr/lib/x86_64-linux-gnu/libpthread-2.28.so
7f98886a7000-7f98886ad000 r--p 00016000 08:01 680942                     /usr/lib/x86_64-linux-gnu/libpthread-2.28.so
7f98886ad000-7f98886ae000 r--p 0001b000 08:01 680942                     /usr/lib/x86_64-linux-gnu/libpthread-2.28.so
7f98886ae000-7f98886af000 rw-p 0001c000 08:01 680942                     /usr/lib/x86_64-linux-gnu/libpthread-2.28.so
7f98886af000-7f98886b3000 rw-p 00000000 00:00 0 
7f98886b3000-7f98886b6000 r--p 00000000 08:01 681371                     /usr/lib/x86_64-linux-gnu/libz.so.1.2.11
7f98886b6000-7f98886c4000 r-xp 00003000 08:01 681371                     /usr/lib/x86_64-linux-gnu/libz.so.1.2.11
7f98886c4000-7f98886cb000 r--p 00011000 08:01 681371                     /usr/lib/x86_64-linux-gnu/libz.so.1.2.11
7f98886cb000-7f98886cc000 r--p 00017000 08:01 681371                     /usr/lib/x86_64-linux-gnu/libz.so.1.2.11
7f98886cc000-7f98886cd000 rw-p 00018000 08:01 681371                     /usr/lib/x86_64-linux-gnu/libz.so.1.2.11
7f98886cd000-7f98886cf000 rw-p 00000000 00:00 0 
7f98886d7000-7f98886df000 rw-s 00000000 00:33 130                        /tmp/hsperfdata_jeremy/240
7f98886df000-7f98886e0000 ---p 00000000 00:00 0 
7f98886e0000-7f98886e1000 r--p 00000000 00:00 0 
7f98886e1000-7f98886e2000 r--p 00000000 08:01 679756                     /usr/lib/x86_64-linux-gnu/ld-2.28.so
7f98886e2000-7f9888702000 r-xp 00001000 08:01 679756                     /usr/lib/x86_64-linux-gnu/ld-2.28.so
7f9888702000-7f988870a000 r--p 00021000 08:01 679756                     /usr/lib/x86_64-linux-gnu/ld-2.28.so
7f988870b000-7f988870c000 r--p 00029000 08:01 679756                     /usr/lib/x86_64-linux-gnu/ld-2.28.so
7f988870c000-7f988870d000 rw-p 0002a000 08:01 679756                     /usr/lib/x86_64-linux-gnu/ld-2.28.so
7f988870d000-7f988870e000 rw-p 00000000 00:00 0 
7ffd114d9000-7ffd114fa000 rw-p 00000000 00:00 0                          [stack]
7ffd114fe000-7ffd11501000 r--p 00000000 00:00 0                          [vvar]
7ffd11501000-7ffd11503000 r-xp 00000000 00:00 0                          [vdso]
ffffffffff600000-ffffffffff601000 r-xp 00000000 00:00 0                  [vsyscall]


VM Arguments:
jvm_args: -Djava.io.tmpdir=/home/jeremy/.var/app/com.jetbrains.IntelliJ-IDEA-Community/cache/tmp/ -Xms8g -Xmx8g -javaagent:/app/idea-IC/lib/idea_rt.jar=39447:/app/idea-IC/bin -Dfile.encoding=UTF-8 
java_command: SortPerformance
java_class_path (initial): /home/jeremy/IdeaProjects/SortPerformance/out/production/SortPerformance
Launcher Type: SUN_STANDARD

[Global flags]
     intx CICompilerCount                          = 2                                         {product} {ergonomic}
     uint ConcGCThreads                            = 1                                         {product} {ergonomic}
     uint G1ConcRefinementThreads                  = 3                                         {product} {ergonomic}
   size_t G1HeapRegionSize                         = 4194304                                   {product} {ergonomic}
    uintx GCDrainStackTargetSize                   = 64                                        {product} {ergonomic}
   size_t InitialHeapSize                          = 8589934592                                {product} {command line}
   size_t MarkStackSize                            = 4194304                                   {product} {ergonomic}
   size_t MaxHeapSize                              = 8589934592                                {product} {command line}
   size_t MinHeapDeltaBytes                        = 4194304                                   {product} {ergonomic}
    uintx NonNMethodCodeHeapSize                   = 5824844                                {pd product} {ergonomic}
    uintx NonProfiledCodeHeapSize                  = 122916698                              {pd product} {ergonomic}
    uintx ProfiledCodeHeapSize                     = 122916698                              {pd product} {ergonomic}
    uintx ReservedCodeCacheSize                    = 251658240                              {pd product} {ergonomic}
     bool SegmentedCodeCache                       = true                                      {product} {ergonomic}
     bool UseCompressedClassPointers               = true                                 {lp64_product} {ergonomic}
     bool UseCompressedOops                        = true                                 {lp64_product} {ergonomic}
     bool UseG1GC                                  = true                                      {product} {ergonomic}

Logging:
Log output configuration:
 #0: stdout all=warning uptime,level,tags
 #1: stderr all=off uptime,level,tags

Environment Variables:
JAVA_TOOL_OPTIONS=-Djava.io.tmpdir=/home/jeremy/.var/app/com.jetbrains.IntelliJ-IDEA-Community/cache/tmp/
PATH=/app/bin:/usr/bin
SHELL=/bin/sh
DISPLAY=:99.0

Signal Handlers:
SIGSEGV: [libjvm.so+0xd97a90], sa_mask[0]=11111111011111111101111111111110, sa_flags=SA_RESTART|SA_SIGINFO
SIGBUS: [libjvm.so+0xd97a90], sa_mask[0]=11111111011111111101111111111110, sa_flags=SA_RESTART|SA_SIGINFO
SIGFPE: [libjvm.so+0xd97a90], sa_mask[0]=11111111011111111101111111111110, sa_flags=SA_RESTART|SA_SIGINFO
SIGPIPE: [libjvm.so+0xb99ae0], sa_mask[0]=11111111011111111101111111111110, sa_flags=SA_RESTART|SA_SIGINFO
SIGXFSZ: [libjvm.so+0xb99ae0], sa_mask[0]=11111111011111111101111111111110, sa_flags=SA_RESTART|SA_SIGINFO
SIGILL: [libjvm.so+0xd97a90], sa_mask[0]=11111111011111111101111111111110, sa_flags=SA_RESTART|SA_SIGINFO
SIGUSR2: [libjvm.so+0xb99980], sa_mask[0]=00100000000000000000000000000000, sa_flags=SA_RESTART|SA_SIGINFO
SIGHUP: SIG_DFL, sa_mask[0]=00000000000000000000000000000000, sa_flags=none
SIGINT: SIG_DFL, sa_mask[0]=00000000000000000000000000000000, sa_flags=none
SIGTERM: SIG_DFL, sa_mask[0]=00000000000000000000000000000000, sa_flags=none
SIGQUIT: SIG_DFL, sa_mask[0]=00000000000000000000000000000000, sa_flags=none


---------------  S Y S T E M  ---------------

OS:NAME=Freedesktop.org
VERSION="18.08.36 (Flatpak runtime)"
VERSION_ID=18.08.36
ID=org.freedesktop.platform
PRETTY_NAME="Freedesktop.org 18.08.36 (Flatpak runtime)"
BUG_REPORT_URL=https://gitlab.com/freedesktop-sdk/freedesktop-sdk/issuesuname:Linux 4.15.0-54-generic #58-Ubuntu SMP Mon Jun 24 10:55:24 UTC 2019 x86_64
libc:glibc 2.28 NPTL 2.28 
rlimit: STACK 8192k, CORE 0k, NPROC 31660, NOFILE 1048576, AS infinity, DATA infinity, FSIZE infinity
load average:1.11 0.38 0.13

/proc/meminfo:
MemTotal:        8168100 kB
MemFree:         5233172 kB
MemAvailable:    6553356 kB
Buffers:           50040 kB
Cached:          1469532 kB
SwapCached:            0 kB
Active:          1558024 kB
Inactive:        1196220 kB
Active(anon):    1235520 kB
Inactive(anon):    10408 kB
Active(file):     322504 kB
Inactive(file):  1185812 kB
Unevictable:          32 kB
Mlocked:              32 kB
SwapTotal:       1562240 kB
SwapFree:        1562240 kB
Dirty:            384756 kB
Writeback:             0 kB
AnonPages:       1234752 kB
Mapped:           254160 kB
Shmem:             11260 kB
Slab:              89552 kB
SReclaimable:      62440 kB
SUnreclaim:        27112 kB
KernelStack:        7152 kB
PageTables:        30532 kB
NFS_Unstable:          0 kB
Bounce:                0 kB
WritebackTmp:          0 kB
CommitLimit:     5646288 kB
Committed_AS:    3660344 kB
VmallocTotal:   34359738367 kB
VmallocUsed:           0 kB
VmallocChunk:          0 kB
HardwareCorrupted:     0 kB
AnonHugePages:         0 kB
ShmemHugePages:        0 kB
ShmemPmdMapped:        0 kB
CmaTotal:              0 kB
CmaFree:               0 kB
HugePages_Total:       0
HugePages_Free:        0
HugePages_Rsvd:        0
HugePages_Surp:        0
Hugepagesize:       2048 kB
DirectMap4k:      122816 kB
DirectMap2M:     8265728 kB


/proc/sys/kernel/threads-max (system-wide limit on the number of threads):
63320


/proc/sys/vm/max_map_count (maximum number of memory map areas a process may have):
65530


/proc/sys/kernel/pid_max (system-wide limit on number of process identifiers):
32768




CPU:total 3 (initial active 3) (3 cores per cpu, 3 threads per core) family 23 model 113 stepping 0, cmov, cx8, fxsr, mmx, sse, sse2, sse3, ssse3, sse4.1, sse4.2, popcnt, avx, avx2, aes, clmul, mmxext, lzcnt, sse4a, ht, tsc, tscinvbit, tscinv
CPU Model and flags from /proc/cpuinfo:
model name	: AMD Ryzen 9 3900X 12-Core Processor
flags		: fpu vme de pse tsc msr pae mce cx8 apic sep mtrr pge mca cmov pat pse36 clflush mmx fxsr sse sse2 ht syscall nx mmxext fxsr_opt rdtscp lm constant_tsc rep_good nopl nonstop_tsc cpuid extd_apicid tsc_known_freq pni pclmulqdq ssse3 cx16 sse4_1 sse4_2 x2apic movbe popcnt aes xsave avx rdrand hypervisor lahf_lm cmp_legacy svm cr8_legacy abm sse4a misalignsse 3dnowprefetch ssbd vmmcall fsgsbase avx2 rdseed clflushopt arat nrip_save flushbyasid decodeassists

Memory: 4k page, physical 8168100k(5233172k free), swap 1562240k(1562240k free)

vm_info: OpenJDK 64-Bit Server VM (11.0.3+12-b304.39) for linux-amd64 JRE (11.0.3+12-b304.39), built on Aug 14 2019 08:20:17 by "" with gcc 4.8.5 20150623 (Red Hat 4.8.5-28)

END.
